c:\users\tobya\documents\konsolenprogrammierung\rubikscube\debug\vc141.pdb
c:\users\tobya\documents\konsolenprogrammierung\rubikscube\debug\vc141.idb
c:\users\tobya\documents\konsolenprogrammierung\rubikscube\debug\rubikscube.obj
c:\users\tobya\documents\konsolenprogrammierung\rubikscube\debug\gameinterface.obj
c:\users\tobya\documents\konsolenprogrammierung\rubikscube\debug\rubikscube.pdb
c:\users\tobya\documents\konsolenprogrammierung\rubikscube\debug\rubikscube.tlog\cl.command.1.tlog
c:\users\tobya\documents\konsolenprogrammierung\rubikscube\debug\rubikscube.tlog\cl.read.1.tlog
c:\users\tobya\documents\konsolenprogrammierung\rubikscube\debug\rubikscube.tlog\cl.write.1.tlog
c:\users\tobya\documents\konsolenprogrammierung\rubikscube\debug\rubikscube.tlog\link-cvtres.read.1.tlog
c:\users\tobya\documents\konsolenprogrammierung\rubikscube\debug\rubikscube.tlog\link-cvtres.write.1.tlog
c:\users\tobya\documents\konsolenprogrammierung\rubikscube\debug\rubikscube.tlog\link-rc.read.1.tlog
c:\users\tobya\documents\konsolenprogrammierung\rubikscube\debug\rubikscube.tlog\link-rc.write.1.tlog
c:\users\tobya\documents\konsolenprogrammierung\rubikscube\debug\rubikscube.tlog\link.3860-cvtres.read.1.tlog
c:\users\tobya\documents\konsolenprogrammierung\rubikscube\debug\rubikscube.tlog\link.3860-cvtres.write.1.tlog
c:\users\tobya\documents\konsolenprogrammierung\rubikscube\debug\rubikscube.tlog\link.3860-rc.read.1.tlog
c:\users\tobya\documents\konsolenprogrammierung\rubikscube\debug\rubikscube.tlog\link.3860-rc.write.1.tlog
c:\users\tobya\documents\konsolenprogrammierung\rubikscube\debug\rubikscube.tlog\link.3860.read.1.tlog
c:\users\tobya\documents\konsolenprogrammierung\rubikscube\debug\rubikscube.tlog\link.3860.write.1.tlog
c:\users\tobya\documents\konsolenprogrammierung\rubikscube\debug\rubikscube.tlog\link.command.1.tlog
c:\users\tobya\documents\konsolenprogrammierung\rubikscube\debug\rubikscube.tlog\link.read.1.tlog
c:\users\tobya\documents\konsolenprogrammierung\rubikscube\debug\rubikscube.tlog\link.write.1.tlog
