c:\users\tobya\documents\konsolenprogrammierung\rubikscube\x64\debug\vc141.pdb
c:\users\tobya\documents\konsolenprogrammierung\rubikscube\x64\debug\vc141.idb
c:\users\tobya\documents\konsolenprogrammierung\rubikscube\x64\debug\testglm.obj
c:\users\tobya\documents\konsolenprogrammierung\rubikscube\x64\debug\shaderutil.obj
c:\users\tobya\documents\konsolenprogrammierung\rubikscube\x64\debug\rubikscube.obj
c:\users\tobya\documents\konsolenprogrammierung\rubikscube\x64\debug\gameinterface.obj
c:\users\tobya\documents\konsolenprogrammierung\rubikscube\x64\debug\testtriangle.obj
c:\users\tobya\documents\konsolenprogrammierung\rubikscube\x64\debug\fragmentshadersimple.glsl
c:\users\tobya\documents\konsolenprogrammierung\rubikscube\x64\debug\vertexshadersimple.glsl
c:\users\tobya\documents\konsolenprogrammierung\rubikscube\x64\debug\rubikscube.exe
c:\users\tobya\documents\konsolenprogrammierung\rubikscube\x64\debug\rubikscube.ilk
c:\users\tobya\documents\konsolenprogrammierung\rubikscube\x64\debug\rubikscube.pdb
c:\users\tobya\documents\konsolenprogrammierung\rubikscube\x64\debug\rubikscube.tlog\cl.command.1.tlog
c:\users\tobya\documents\konsolenprogrammierung\rubikscube\x64\debug\rubikscube.tlog\cl.read.1.tlog
c:\users\tobya\documents\konsolenprogrammierung\rubikscube\x64\debug\rubikscube.tlog\cl.write.1.tlog
c:\users\tobya\documents\konsolenprogrammierung\rubikscube\x64\debug\rubikscube.tlog\copyfile.command.1.tlog
c:\users\tobya\documents\konsolenprogrammierung\rubikscube\x64\debug\rubikscube.tlog\copyfile.read.1.tlog
c:\users\tobya\documents\konsolenprogrammierung\rubikscube\x64\debug\rubikscube.tlog\copyfile.write.1.tlog
c:\users\tobya\documents\konsolenprogrammierung\rubikscube\x64\debug\rubikscube.tlog\link.command.1.tlog
c:\users\tobya\documents\konsolenprogrammierung\rubikscube\x64\debug\rubikscube.tlog\link.read.1.tlog
c:\users\tobya\documents\konsolenprogrammierung\rubikscube\x64\debug\rubikscube.tlog\link.write.1.tlog
